
SQL*Loader: Release 11.2.0.1.0 - Production on 수 9월 9 17:12:09 2020

Copyright (c) 1982, 2009, Oracle and/or its affiliates.  All rights reserved.

제어 파일:    animal.ctl
데이터 파일:    animal.csv
  부적합한 파일:     animal.bad
  폐기 파일:    지정 사항 없음

 (모든 폐기된 레코드 허용)

로드할 건수: ALL
생략 건수:  0
허용 오류수:  50
바인드 배열:  64 행, 최대 256000 바이트
계속:    지정 사항 없음
사용된 경로:      규약

테이블 ANIMAL, 로드되었습니다 개개의 논리 레코드로부터
이 테이블에 적당한 Insert 옵션: INSERT

   열 이름                        위치    Len   Term Encl 데이터유형
------------------------------ ---------- ----- ---- ---- ---------------------
CODE                                FIRST     *   ,       CHARACTER            
CATEGORY                             NEXT     *   ,       CHARACTER            
NAME                                 NEXT     *   ,       CHARACTER            
LOCATION                             NEXT     *   ,       CHARACTER            

레코드 1: 기각됨 - 테이블 ANIMAL, 열 CODE에 오류
ORA-01722: 수치가 부적합합니다

테이블 ANIMAL:
  21 행 로드되었습니다.
  데이터 오류 때문에 1 행(이)가 로드되지 않았습니다
  모든 WHEN절이 실패하여 0 행(이)가 로드되지 않았습니다
  모든 필드가 NULL이어서 0 행(이)가 로드되지 않았습니다


바인드 배열에 할당된 영역:             66048바이트(64 행)
읽기 버퍼 바이트: 1048576

생략된 논리 레코드의 합계:         0
읽어낸 논리 레코드의 합계:        22
거부된 논리 레코드의 합계:         1
폐기된 논리 레코드의 합계:         0

수 9월  09 17:12:09 2020에 실행 개시
수 9월  09 17:12:09 2020에 실행 종료

경과 시간:        00:00:00.08
CPU 시간:         00:00:00.04
